Arguments: 
  /usr/bin/node /usr/bin/yarn install

PATH: 
  /home/tom/.nix-profile/bin:/nix/var/nix/profiles/default/bin:/home/tom/.vscode-server/bin/ee2b180d582a7f601fa6ecfdad8d9fd269ab1884/bin/remote-cli:/home/tom/.nix-profile/bin:/home/tom/.local/share/solana/install/active_release/bin:/home/tom/.local/bin:/home/tom/.cabal/bin:/home/tom/.ghcup/bin:/home/tom/.cargo/bin:/home/tom/.nix-profile/bin:/nix/var/nix/profiles/default/bin:/usr/local/sbin:/usr/local/bin:/usr/sbin:/usr/bin:/sbin:/bin:/usr/games:/usr/local/games:/usr/lib/wsl/lib:/mnt/c/Windows/system32:/mnt/c/Windows:/mnt/c/Windows/System32/Wbem:/mnt/c/Windows/System32/WindowsPowerShell/v1.0/:/mnt/c/Windows/System32/OpenSSH/:/mnt/c/Program Files/NVIDIA Corporation/NVIDIA NvDLISR:/mnt/c/Program Files (x86)/NVIDIA Corporation/PhysX/Common:/mnt/c/Program Files/nodejs/:/mnt/c/WINDOWS/system32:/mnt/c/WINDOWS:/mnt/c/WINDOWS/System32/Wbem:/mnt/c/WINDOWS/System32/WindowsPowerShell/v1.0/:/mnt/c/WINDOWS/System32/OpenSSH/:/mnt/c/Program Files/Git/cmd:/mnt/c/Program Files/Docker/Docker/resources/bin:/mnt/c/Users/rauch/.cargo/bin:/mnt/c/Windows/system32:/mnt/c/Windows:/mnt/c/Windows/System32/Wbem:/mnt/c/Windows/System32/WindowsPowerShell/v1.0/:/mnt/c/Windows/System32/OpenSSH/:/mnt/c/Program Files/NVIDIA Corporation/NVIDIA NvDLISR:/mnt/c/Program Files (x86)/NVIDIA Corporation/PhysX/Common:/mnt/c/Program Files/nodejs/:/mnt/c/WINDOWS/system32:/mnt/c/WINDOWS:/mnt/c/WINDOWS/System32/Wbem:/mnt/c/WINDOWS/System32/WindowsPowerShell/v1.0/:/mnt/c/WINDOWS/System32/OpenSSH/:/mnt/c/Program Files/Git/cmd:/mnt/c/Program Files/Docker/Docker/resources/bin:/mnt/c/Users/rauch/AppData/Local/Microsoft/WindowsApps:/mnt/c/Users/rauch/AppData/Roaming/npm:/mnt/c/Users/rauch/AppData/Local/Programs/Microsoft VS Code/bin:/mnt/c/Users/rauch/AppData/Roaming/Flow:/mnt/c/Users/rauch/AppData/Roaming/Flow:/snap/bin

Yarn version: 
  1.22.19

Node version: 
  19.8.1

Platform: 
  linux x64

Trace: 
  SyntaxError: /home/tom/NFT_Examples/Attack-Examples/overflow-underflow-raw/package.json: Expected double-quoted property name in JSON at position 495
      at JSON.parse (<anonymous>)
      at /usr/lib/node_modules/yarn/lib/cli.js:1629:59
      at Generator.next (<anonymous>)
      at step (/usr/lib/node_modules/yarn/lib/cli.js:310:30)
      at /usr/lib/node_modules/yarn/lib/cli.js:321:13

npm manifest: 
  {
      "name": "lockfunds",
      "version": "1.0.0",
      "description": "",
      "scripts": {
          "clean": "npm run clean:program",
          "build:lockfunds": "cargo build-bpf --manifest-path=./src/program/Cargo.toml --bpf-out-dir=dist/program",
          "clean:lockfunds": "cargo clean --manifest-path=./src/program/Cargo.toml && rm -rf ./dist",
          "test:program": "cargo test-bpf --manifest-path=./src/program/Cargo.toml",
          "example:lockfunds": "ts-node ./src/client/main.ts",
      },
      "dependencies": {
          "@solana/buffer-layout": "^4.0.1",
          "@solana/web3.js": "^1.33.0",
          "borsh": "^0.7.0",
          "buffer": "^6.0.3",
          "mz": "^2.7.0",
          "yaml": "^1.10.2"
      },
      "devDependencies": {
          "@tsconfig/recommended": "^1.0.1",
          "@types/eslint": "^8.2.2",
          "@types/eslint-plugin-prettier": "^3.1.0",
          "@types/mz": "^2.7.2",
          "@types/prettier": "^2.1.5",
          "@types/yaml": "^1.9.7",
          "@typescript-eslint/eslint-plugin": "^4.6.0",
          "@typescript-eslint/parser": "^4.6.0",
          "eslint": "^7.12.1",
          "eslint-config-prettier": "^6.15.0",
          "eslint-plugin-prettier": "^4.0.0",
          "prettier": "^2.1.2",
          "start-server-and-test": "^1.11.6",
          "ts-node": "^10.0.0",
          "typescript": "^4.0.5"
      },
      "engines": {
          "node": ">=14.0.0"
      }
  }

yarn manifest: 
  No manifest

Lockfile: 
  No lockfile
